$ next build --turbopack
[baseline-browser-mapping] The data in this module is over two months old.  To ensure accurate Baseline data, please update: `npm i baseline-browser-mapping@latest -D`
   ▲ Next.js 16.0.1 (Turbopack)
   - Environments: .env
   - Experiments (use with caution):
     · optimizePackageImports

   Creating an optimized production build ...
[baseline-browser-mapping] The data in this module is over two months old.  To ensure accurate Baseline data, please update: `npm i baseline-browser-mapping@latest -D`
 ✓ Compiled successfully in 5.7min
   Skipping validation of types
   Collecting page data ...
[baseline-browser-mapping] The data in this module is over two months old.  To ensure accurate Baseline data, please update: `npm i baseline-browser-mapping@latest -D`
   Generating static pages (0/20) ...
[baseline-browser-mapping] The data in this module is over two months old.  To ensure accurate Baseline data, please update: `npm i baseline-browser-mapping@latest -D`
   Generating static pages (5/20) 
   Generating static pages (10/20) 
   Generating static pages (15/20) 
 ✓ Generating static pages (20/20) in 15.8s
   Finalizing page optimization ...

Route (app)
┌ ○ /
├ ○ /_not-found
├ ○ /admin
├ ○ /admin/dashboard
├ ○ /admin/manager
├ ○ /admin/typebot
├ ○ /admin/webhook-panel
├ ƒ /api/admin-login
├ ƒ /api/admin-logout
├ ƒ /api/config
├ ƒ /api/message
├ ƒ /api/n8n-proxy
├ ƒ /api/session
├ ƒ /api/session/[id]/messages
├ ƒ /api/session/dates
├ ƒ /api/session/summary
├ ƒ /api/webhook-config
├ ƒ /api/webhook-proxy
└ ○ /ws-test


○  (Static)   prerendered as static content
ƒ  (Dynamic)  server-rendered on demand

